2026/05/27 15:20:04.543243 service is starting.
2026/05/27 15:20:04.587948 websocket manage start
2026/05/27 15:20:21.720588 Server exited
2026/05/27 15:20:21.720588 websocket manage stop
2026/05/27 15:34:54.457970 service is starting.
2026/05/27 15:34:54.513092 websocket manage start
2026/05/27 15:34:54.513588 支架调直 8 800
2026/05/27 15:35:19.178204 Server exited
2026/05/27 15:35:19.178204 websocket manage stop
2026/05/27 15:44:17.891596 websocket manage start
2026/05/27 15:44:17.891596 支架调直 8 800
2026/05/27 15:44:56.637645 Server exited
2026/05/27 15:44:56.637645 websocket manage stop
2026/05/27 15:51:39.701435 websocket manage start
2026/05/27 15:52:44.631256 Server exited
2026/05/27 15:52:44.631256 websocket manage stop
2026/05/27 15:55:52.457225 websocket manage start
2026/05/27 15:56:02.407477 Server exited
2026/05/27 15:56:02.407477 websocket manage stop
2026/05/27 16:33:18.185353 websocket manage start
2026/05/27 16:33:30.754647 Server exited
2026/05/27 16:33:30.754647 websocket manage stop
2026/05/27 16:34:04.823286 websocket manage start
2026/05/27 16:34:26.852740 Server exited
2026/05/27 16:34:26.852778 websocket manage stop
