2025/12/16 13:05:57.342903 service is starting.
2025/12/16 13:05:57.411379 人员定位UDP开始监听

2025/12/16 13:05:57.411379 人员定位开始读数据

2025/12/16 13:06:01.972573 websocket manage stop
2025/12/16 13:06:01.972573 Server exited
2025/12/16 15:01:36.749507 service is starting.
2025/12/16 15:01:36.800082 人员定位UDP开始监听
2025/12/16 15:01:36.800580 人员定位开始读数据
2025/12/16 15:01:48.002307 Server exited
2025/12/16 15:01:48.002307 websocket manage stop
2025/12/16 15:02:11.171112 service is starting.
2025/12/16 15:02:11.212736 人员定位UDP开始监听
2025/12/16 15:02:11.213114 人员定位开始读数据
2025/12/16 16:34:24.483289 service is starting.
2025/12/16 16:34:24.531893 人员定位UDP开始监听
2025/12/16 16:34:24.532472 人员定位开始读数据
2025/12/16 16:34:28.252224 Server exited
2025/12/16 16:34:28.252224 websocket manage stop
2025/12/16 17:50:28.250574 service is starting.
2025/12/16 17:50:28.294447 人员定位UDP开始监听
2025/12/16 17:50:28.294447 人员定位开始读数据
2025/12/16 20:11:06.022873 service is starting.
2025/12/16 20:11:06.069923 人员定位UDP开始监听
2025/12/16 20:11:06.069923 人员定位开始读数据
2025/12/16 20:11:15.619279 Server exited
2025/12/16 21:15:48.961412 service is starting.
2025/12/16 21:15:49.031742 人员定位UDP开始监听
2025/12/16 21:15:49.031742 人员定位开始读数据
2025/12/16 21:16:03.586799 Server exited
2025/12/16 21:16:03.586799 websocket manage stop
